0 verbose cli C:\Program Files\nodejs\node.exe C:\Program Files\nodejs\node_modules\npm\bin\npm-cli.js
1 info using npm@11.6.1
2 info using node@v24.11.0
3 silly config load:file:C:\Program Files\nodejs\node_modules\npm\npmrc
4 silly config load:file:D:\Nit_React\Quiz-Frontend\.npmrc
5 silly config load:file:C:\Users\DELL\.npmrc
6 silly config load:file:C:\Users\DELL\AppData\Roaming\npm\etc\npmrc
7 verbose title npm install
8 verbose argv "install" "--offline" "--cache" "./offline-packages"
9 verbose logfile logs-max:10 dir:D:\Nit_React\Quiz-Frontend\offline-packages\_logs\2026-06-24T09_29_52_476Z-
10 verbose logfile D:\Nit_React\Quiz-Frontend\offline-packages\_logs\2026-06-24T09_29_52_476Z-debug-0.log
11 silly logfile done cleaning log files
12 silly packumentCache heap:2348810240 maxSize:587202560 maxEntrySize:293601280
13 silly idealTree buildDeps
14 silly fetch manifest @emnapi/core@^1.7.1
15 silly packumentCache full:https://registry.npmjs.org/@emnapi%2fcore cache-miss
16 silly fetch manifest @emnapi/runtime@^1.7.1
17 silly packumentCache full:https://registry.npmjs.org/@emnapi%2fruntime cache-miss
18 silly placeDep ROOT @emnapi/core@ OK for: @napi-rs/wasm-runtime@1.1.4 want: ^1.7.1
19 warn ERESOLVE overriding peer dependency {
19 warn ERESOLVE   code: 'ERESOLVE',
19 warn ERESOLVE   edge: {
19 warn ERESOLVE     type: 'peer',
19 warn ERESOLVE     name: '@emnapi/core',
19 warn ERESOLVE     spec: '^1.7.1',
19 warn ERESOLVE     error: 'INVALID',
19 warn ERESOLVE     from: {
19 warn ERESOLVE       name: '@napi-rs/wasm-runtime',
19 warn ERESOLVE       version: '1.1.4',
19 warn ERESOLVE       location: 'node_modules/@napi-rs/wasm-runtime',
19 warn ERESOLVE       isWorkspace: false,
19 warn ERESOLVE       dependents: [Array]
19 warn ERESOLVE     }
19 warn ERESOLVE   },
19 warn ERESOLVE   dep: {
19 warn ERESOLVE     name: '@emnapi/core',
19 warn ERESOLVE     version: undefined,
19 warn ERESOLVE     errors: [ [NotCachedError] ],
19 warn ERESOLVE     package: {},
19 warn ERESOLVE     whileInstalling: {
19 warn ERESOLVE       name: '@napi-rs/wasm-runtime',
19 warn ERESOLVE       version: '1.1.4',
19 warn ERESOLVE       path: 'D:\\Nit_React\\Quiz-Frontend\\node_modules\\@napi-rs\\wasm-runtime'
19 warn ERESOLVE     },
19 warn ERESOLVE     location: 'node_modules/@emnapi/core',
19 warn ERESOLVE     isWorkspace: false,
19 warn ERESOLVE     dependents: [ [Object] ]
19 warn ERESOLVE   },
19 warn ERESOLVE   force: false,
19 warn ERESOLVE   isMine: false,
19 warn ERESOLVE   strictPeerDeps: false,
19 warn ERESOLVE   current: {
19 warn ERESOLVE     name: '@emnapi/core',
19 warn ERESOLVE     version: undefined,
19 warn ERESOLVE     errors: [ [NotCachedError] ],
19 warn ERESOLVE     package: {},
19 warn ERESOLVE     location: 'node_modules/@emnapi/core',
19 warn ERESOLVE     isWorkspace: false,
19 warn ERESOLVE     dependents: []
19 warn ERESOLVE   }
19 warn ERESOLVE }
20 silly placeDep ROOT @emnapi/runtime@ OK for: @napi-rs/wasm-runtime@1.1.4 want: ^1.7.1
21 warn ERESOLVE overriding peer dependency {
21 warn ERESOLVE   code: 'ERESOLVE',
21 warn ERESOLVE   edge: {
21 warn ERESOLVE     type: 'peer',
21 warn ERESOLVE     name: '@emnapi/runtime',
21 warn ERESOLVE     spec: '^1.7.1',
21 warn ERESOLVE     error: 'INVALID',
21 warn ERESOLVE     from: {
21 warn ERESOLVE       name: '@napi-rs/wasm-runtime',
21 warn ERESOLVE       version: '1.1.4',
21 warn ERESOLVE       location: 'node_modules/@napi-rs/wasm-runtime',
21 warn ERESOLVE       isWorkspace: false,
21 warn ERESOLVE       dependents: [Array]
21 warn ERESOLVE     }
21 warn ERESOLVE   },
21 warn ERESOLVE   dep: {
21 warn ERESOLVE     name: '@emnapi/runtime',
21 warn ERESOLVE     version: undefined,
21 warn ERESOLVE     errors: [ [NotCachedError] ],
21 warn ERESOLVE     package: {},
21 warn ERESOLVE     whileInstalling: {
21 warn ERESOLVE       name: '@napi-rs/wasm-runtime',
21 warn ERESOLVE       version: '1.1.4',
21 warn ERESOLVE       path: 'D:\\Nit_React\\Quiz-Frontend\\node_modules\\@napi-rs\\wasm-runtime'
21 warn ERESOLVE     },
21 warn ERESOLVE     location: 'node_modules/@emnapi/runtime',
21 warn ERESOLVE     isWorkspace: false,
21 warn ERESOLVE     dependents: [ [Object] ]
21 warn ERESOLVE   },
21 warn ERESOLVE   force: false,
21 warn ERESOLVE   isMine: false,
21 warn ERESOLVE   strictPeerDeps: false,
21 warn ERESOLVE   current: {
21 warn ERESOLVE     name: '@emnapi/runtime',
21 warn ERESOLVE     version: undefined,
21 warn ERESOLVE     errors: [ [NotCachedError] ],
21 warn ERESOLVE     package: {},
21 warn ERESOLVE     location: 'node_modules/@emnapi/runtime',
21 warn ERESOLVE     isWorkspace: false,
21 warn ERESOLVE     dependents: []
21 warn ERESOLVE   }
21 warn ERESOLVE }
22 silly reify moves {}
23 silly audit report null
24 verbose cwd D:\Nit_React\Quiz-Frontend
25 verbose os Windows_NT 10.0.26200
26 verbose node v24.11.0
27 verbose npm  v11.6.1
28 verbose exit 0
29 info ok
